Detecting C [-std=c11] compiler features failed to compile with the following output:
Change Dir: /media/sf_Guida_autonoma/Assignment/assignment_1/build/CMakeFiles/CMakeTmp

Run Build Command:"/usr/bin/make" "cmTC_e3ac1/fast"
make: Attenzione: il file "Makefile" ha un orario di modifica 1,9 nel futuro
/usr/bin/make -f CMakeFiles/cmTC_e3ac1.dir/build.make CMakeFiles/cmTC_e3ac1.dir/build
make[1]: ingresso nella directory "/media/sf_Guida_autonoma/Assignment/assignment_1/build/CMakeFiles/CMakeTmp"
CMakeFiles/cmTC_e3ac1.dir/build.make:58: CMakeFiles/cmTC_e3ac1.dir/progress.make: File o directory non esistente
make[1]: Attenzione: il file "CMakeFiles/cmTC_e3ac1.dir/flags.make" ha un orario di modifica 1,9 nel futuro
make[1]: ***  Nessuna regola per generare l'obiettivo "CMakeFiles/cmTC_e3ac1.dir/progress.make".  Arresto.
make[1]: uscita dalla directory "/media/sf_Guida_autonoma/Assignment/assignment_1/build/CMakeFiles/CMakeTmp"
Makefile:126: recipe for target 'cmTC_e3ac1/fast' failed
make: *** [cmTC_e3ac1/fast] Error 2



Determining if the pthread_create exist failed with the following output:
Change Dir: /media/sf_Guida_autonoma/Assignment/assignment_1/build/CMakeFiles/CMakeTmp

Run Build Command:"/usr/bin/make" "cmTC_dd168/fast"
make: Attenzione: il file "Makefile" ha un orario di modifica 1,9 nel futuro
/usr/bin/make -f CMakeFiles/cmTC_dd168.dir/build.make CMakeFiles/cmTC_dd168.dir/build
make[1]: ingresso nella directory "/media/sf_Guida_autonoma/Assignment/assignment_1/build/CMakeFiles/CMakeTmp"
make[1]: Attenzione: il file "CMakeFiles/cmTC_dd168.dir/flags.make" ha un orario di modifica 1,9 nel futuro
Building C object CMakeFiles/cmTC_dd168.dir/CheckSymbolExists.c.o
/usr/bin/cc    -o CMakeFiles/cmTC_dd168.dir/CheckSymbolExists.c.o   -c /media/sf_Guida_autonoma/Assignment/assignment_1/build/CMakeFiles/CMakeTmp/CheckSymbolExists.c
Linking C executable cmTC_dd168
/usr/bin/cmake -E cmake_link_script CMakeFiles/cmTC_dd168.dir/link.txt --verbose=1
/usr/bin/cc      -rdynamic CMakeFiles/cmTC_dd168.dir/CheckSymbolExists.c.o  -o cmTC_dd168 
CMakeFiles/cmTC_dd168.dir/CheckSymbolExists.c.o: nella funzione "main":
CheckSymbolExists.c:(.text+0x1b): riferimento non definito a "pthread_create"
collect2: error: ld returned 1 exit status
CMakeFiles/cmTC_dd168.dir/build.make:97: recipe for target 'cmTC_dd168' failed
make[1]: *** [cmTC_dd168] Error 1
make[1]: uscita dalla directory "/media/sf_Guida_autonoma/Assignment/assignment_1/build/CMakeFiles/CMakeTmp"
Makefile:126: recipe for target 'cmTC_dd168/fast' failed
make: *** [cmTC_dd168/fast] Error 2

File /media/sf_Guida_autonoma/Assignment/assignment_1/build/CMakeFiles/CMakeTmp/CheckSymbolExists.c:
/* */
#include <pthread.h>

int main(int argc, char** argv)
{
  (void)argv;
#ifndef pthread_create
  return ((int*)(&pthread_create))[argc];
#else
  (void)argc;
  return 0;
#endif
}

Determining if the function pthread_create exists in the pthreads failed with the following output:
Change Dir: /media/sf_Guida_autonoma/Assignment/assignment_1/build/CMakeFiles/CMakeTmp

Run Build Command:"/usr/bin/make" "cmTC_fab8f/fast"
make: Attenzione: il file "Makefile" ha un orario di modifica 1,9 nel futuro
/usr/bin/make -f CMakeFiles/cmTC_fab8f.dir/build.make CMakeFiles/cmTC_fab8f.dir/build
make[1]: ingresso nella directory "/media/sf_Guida_autonoma/Assignment/assignment_1/build/CMakeFiles/CMakeTmp"
make[1]: Attenzione: il file "CMakeFiles/cmTC_fab8f.dir/flags.make" ha un orario di modifica 1,9 nel futuro
Building C object CMakeFiles/cmTC_fab8f.dir/CheckFunctionExists.c.o
/usr/bin/cc   -DCHECK_FUNCTION_EXISTS=pthread_create   -o CMakeFiles/cmTC_fab8f.dir/CheckFunctionExists.c.o   -c /usr/share/cmake-3.10/Modules/CheckFunctionExists.c
Linking C executable cmTC_fab8f
/usr/bin/cmake -E cmake_link_script CMakeFiles/cmTC_fab8f.dir/link.txt --verbose=1
/usr/bin/cc  -DCHECK_FUNCTION_EXISTS=pthread_create    -rdynamic CMakeFiles/cmTC_fab8f.dir/CheckFunctionExists.c.o  -o cmTC_fab8f -lpthreads 
/usr/bin/ld: impossibile trovare -lpthreads
collect2: error: ld returned 1 exit status
CMakeFiles/cmTC_fab8f.dir/build.make:97: recipe for target 'cmTC_fab8f' failed
make[1]: *** [cmTC_fab8f] Error 1
make[1]: uscita dalla directory "/media/sf_Guida_autonoma/Assignment/assignment_1/build/CMakeFiles/CMakeTmp"
Makefile:126: recipe for target 'cmTC_fab8f/fast' failed
make: *** [cmTC_fab8f/fast] Error 2


